TN:
SF:/Users/claudiahdz/npm/libnpmpublish/publish.js
FN:15,publish
FN:16,(anonymous_1)
FN:16,(anonymous_2)
FN:47,(anonymous_3)
FN:57,(anonymous_4)
FN:63,(anonymous_5)
FN:64,(anonymous_6)
FN:74,(anonymous_7)
FN:77,patchedManifest
FN:110,buildMetadata
FN:157,patchMetadata
FN:158,(anonymous_11)
FN:160,(anonymous_12)
FN:162,(anonymous_13)
FN:198,slurpTarball
FN:213,ConflictError
FNF:16
FNH:16
FNDA:18,publish
FNDA:18,(anonymous_1)
FNDA:18,(anonymous_2)
FNDA:14,(anonymous_3)
FNDA:4,(anonymous_4)
FNDA:3,(anonymous_5)
FNDA:2,(anonymous_6)
FNDA:12,(anonymous_7)
FNDA:17,patchedManifest
FNDA:14,buildMetadata
FNDA:3,patchMetadata
FNDA:2,(anonymous_11)
FNDA:3,(anonymous_12)
FNDA:5,(anonymous_13)
FNDA:15,slurpTarball
FNDA:1,ConflictError
DA:3,1
DA:4,1
DA:5,1
DA:6,1
DA:7,1
DA:8,1
DA:9,1
DA:10,1
DA:11,1
DA:12,1
DA:14,1
DA:16,18
DA:17,18
DA:18,18
DA:19,1
DA:24,17
DA:26,17
DA:34,17
DA:35,17
DA:36,17
DA:40,16
DA:41,1
DA:47,15
DA:48,14
DA:52,14
DA:58,4
DA:59,3
DA:63,3
DA:65,2
DA:74,12
DA:78,17
DA:79,17
DA:80,17
DA:81,17
DA:82,10
DA:84,17
DA:92,4
DA:98,17
DA:99,17
DA:100,17
DA:101,1
DA:106,16
DA:107,16
DA:111,14
DA:112,14
DA:121,14
DA:123,14
DA:124,4
DA:125,4
DA:128,14
DA:129,14
DA:130,14
DA:132,14
DA:133,14
DA:134,14
DA:138,14
DA:139,14
DA:141,14
DA:143,14
DA:144,14
DA:147,14
DA:148,14
DA:154,14
DA:158,3
DA:159,2
DA:161,3
DA:162,5
DA:164,3
DA:166,3
DA:167,1
DA:170,2
DA:171,2
DA:172,2
DA:173,16
DA:178,6
DA:179,6
DA:180,6
DA:182,6
DA:186,2
DA:190,8
DA:193,2
DA:194,2
DA:195,2
DA:199,15
DA:200,12
DA:201,3
DA:202,1
DA:203,2
DA:204,1
DA:206,1
DA:214,1
LF:91
LH:91
BRDA:15,0,0,0
BRDA:18,1,0,1
BRDA:18,1,1,17
BRDA:40,2,0,1
BRDA:40,2,1,15
BRDA:40,3,0,16
BRDA:40,3,1,15
BRDA:58,4,0,1
BRDA:58,4,1,3
BRDA:77,5,0,0
BRDA:81,6,0,10
BRDA:81,6,1,7
BRDA:84,7,0,4
BRDA:84,7,1,13
BRDA:84,8,0,17
BRDA:84,8,1,13
BRDA:100,9,0,1
BRDA:100,9,1,16
BRDA:110,10,0,0
BRDA:118,11,0,14
BRDA:118,11,1,14
BRDA:121,12,0,2
BRDA:121,12,1,12
BRDA:123,13,0,4
BRDA:123,13,1,10
BRDA:129,14,0,14
BRDA:129,14,1,14
BRDA:139,15,0,14
BRDA:139,15,1,14
BRDA:158,16,0,3
BRDA:158,16,1,1
BRDA:160,17,0,3
BRDA:160,17,1,2
BRDA:161,18,0,1
BRDA:161,18,1,2
BRDA:166,19,0,1
BRDA:166,19,1,2
BRDA:170,20,0,2
BRDA:170,20,1,1
BRDA:173,21,0,2
BRDA:173,21,1,4
BRDA:173,21,2,6
BRDA:173,21,3,2
BRDA:173,21,4,8
BRDA:179,22,0,6
BRDA:179,22,1,2
BRDA:193,23,0,2
BRDA:193,23,1,2
BRDA:199,24,0,12
BRDA:199,24,1,3
BRDA:201,25,0,1
BRDA:201,25,1,2
BRDA:203,26,0,1
BRDA:203,26,1,1
BRF:54
BRH:51
end_of_record
TN:
SF:/Users/claudiahdz/npm/libnpmpublish/unpublish.js
FN:9,unpublish
FN:10,(anonymous_1)
FN:10,(anonymous_2)
FN:22,(anonymous_3)
FN:47,(anonymous_4)
FN:67,(anonymous_5)
FN:72,(anonymous_6)
FN:83,(anonymous_7)
FN:88,(anonymous_8)
FNF:9
FNH:9
FNDA:9,unpublish
FNDA:9,(anonymous_1)
FNDA:9,(anonymous_2)
FNDA:7,(anonymous_3)
FNDA:2,(anonymous_4)
FNDA:2,(anonymous_5)
FNDA:2,(anonymous_6)
FNDA:2,(anonymous_7)
FNDA:8,(anonymous_8)
DA:3,1
DA:4,1
DA:5,1
DA:6,1
DA:8,1
DA:10,9
DA:11,9
DA:13,9
DA:18,9
DA:19,9
DA:23,7
DA:24,2
DA:30,5
DA:31,5
DA:32,5
DA:34,5
DA:35,3
DA:37,5
DA:39,5
DA:40,2
DA:45,3
DA:46,2
DA:47,2
DA:48,2
DA:49,1
DA:53,2
DA:54,1
DA:59,2
DA:60,2
DA:62,2
DA:69,2
DA:73,2
DA:74,2
DA:84,2
DA:85,1
DA:88,8
LF:36
LH:36
BRDA:23,0,0,2
BRDA:23,0,1,5
BRDA:23,1,0,7
BRDA:23,1,1,5
BRDA:31,2,0,5
BRDA:31,2,1,1
BRDA:34,3,0,3
BRDA:34,3,1,2
BRDA:39,4,0,2
BRDA:39,4,1,3
BRDA:45,5,0,2
BRDA:45,5,1,1
BRDA:48,6,0,1
BRDA:48,6,1,1
BRDA:53,7,0,1
BRDA:53,7,1,1
BRDA:84,8,0,1
BRDA:84,8,1,1
BRF:18
BRH:18
end_of_record
